<?xml version="1.0" ?> 
<?xml-stylesheet type="text/xsl" href="CUnit-List.xsl" ?> 
<!DOCTYPE CUNIT_TEST_LIST_REPORT SYSTEM "CUnit-List.dtd"> 
<CUNIT_TEST_LIST_REPORT> 
  <CUNIT_HEADER/> 
  <CUNIT_LIST_TOTAL_SUMMARY> 
    <CUNIT_LIST_TOTAL_SUMMARY_RECORD> 
      <CUNIT_LIST_TOTAL_SUMMARY_RECORD_TEXT> Total Number of Suites </CUNIT_LIST_TOTAL_SUMMARY_RECORD_TEXT> 
      <CUNIT_LIST_TOTAL_SUMMARY_RECORD_VALUE> 1 </CUNIT_LIST_TOTAL_SUMMARY_RECORD_VALUE> 
    </CUNIT_LIST_TOTAL_SUMMARY_RECORD> 
    <CUNIT_LIST_TOTAL_SUMMARY_RECORD> 
      <CUNIT_LIST_TOTAL_SUMMARY_RECORD_TEXT> Total Number of Test Cases </CUNIT_LIST_TOTAL_SUMMARY_RECORD_TEXT> 
      <CUNIT_LIST_TOTAL_SUMMARY_RECORD_VALUE> 20 </CUNIT_LIST_TOTAL_SUMMARY_RECORD_VALUE> 
    </CUNIT_LIST_TOTAL_SUMMARY_RECORD> 
  </CUNIT_LIST_TOTAL_SUMMARY> 
  <CUNIT_ALL_TEST_LISTING> 
    <CUNIT_ALL_TEST_LISTING_SUITE> 
      <CUNIT_ALL_TEST_LISTING_SUITE_DEFINITION> 
        <SUITE_NAME> Testing parts: </SUITE_NAME> 
        <INITIALIZE_VALUE> Yes </INITIALIZE_VALUE> 
        <CLEANUP_VALUE> Yes </CLEANUP_VALUE> 
        <ACTIVE_VALUE> Yes </ACTIVE_VALUE> 
        <TEST_COUNT_VALUE> 20 </TEST_COUNT_VALUE> 
      </CUNIT_ALL_TEST_LISTING_SUITE_DEFINITION> 
      <CUNIT_ALL_TEST_LISTING_SUITE_TESTS> 
        <TEST_CASE_DEFINITION> 
          <TEST_CASE_NAME> allocate1 </TEST_CASE_NAME> 
          <TEST_ACTIVE_VALUE> Yes </TEST_ACTIVE_VALUE> 
        </TEST_CASE_DEFINITION> 
        <TEST_CASE_DEFINITION> 
          <TEST_CASE_NAME> platform related </TEST_CASE_NAME> 
          <TEST_ACTIVE_VALUE> Yes </TEST_ACTIVE_VALUE> 
        </TEST_CASE_DEFINITION> 
        <TEST_CASE_DEFINITION> 
          <TEST_CASE_NAME> classloader </TEST_CASE_NAME> 
          <TEST_ACTIVE_VALUE> Yes </TEST_ACTIVE_VALUE> 
        </TEST_CASE_DEFINITION> 
        <TEST_CASE_DEFINITION> 
          <TEST_CASE_NAME> classLoaderFull </TEST_CASE_NAME> 
          <TEST_ACTIVE_VALUE> Yes </TEST_ACTIVE_VALUE> 
        </TEST_CASE_DEFINITION> 
        <TEST_CASE_DEFINITION> 
          <TEST_CASE_NAME> classMethod </TEST_CASE_NAME> 
          <TEST_ACTIVE_VALUE> Yes </TEST_ACTIVE_VALUE> 
        </TEST_CASE_DEFINITION> 
        <TEST_CASE_DEFINITION> 
          <TEST_CASE_NAME> heap </TEST_CASE_NAME> 
          <TEST_ACTIVE_VALUE> Yes </TEST_ACTIVE_VALUE> 
        </TEST_CASE_DEFINITION> 
        <TEST_CASE_DEFINITION> 
          <TEST_CASE_NAME> cleanup1 </TEST_CASE_NAME> 
          <TEST_ACTIVE_VALUE> Yes </TEST_ACTIVE_VALUE> 
        </TEST_CASE_DEFINITION> 
        <TEST_CASE_DEFINITION> 
          <TEST_CASE_NAME> Arch </TEST_CASE_NAME> 
          <TEST_ACTIVE_VALUE> Yes </TEST_ACTIVE_VALUE> 
        </TEST_CASE_DEFINITION> 
        <TEST_CASE_DEFINITION> 
          <TEST_CASE_NAME> Static </TEST_CASE_NAME> 
          <TEST_ACTIVE_VALUE> Yes </TEST_ACTIVE_VALUE> 
        </TEST_CASE_DEFINITION> 
        <TEST_CASE_DEFINITION> 
          <TEST_CASE_NAME> Smoke </TEST_CASE_NAME> 
          <TEST_ACTIVE_VALUE> Yes </TEST_ACTIVE_VALUE> 
        </TEST_CASE_DEFINITION> 
        <TEST_CASE_DEFINITION> 
          <TEST_CASE_NAME> Array </TEST_CASE_NAME> 
          <TEST_ACTIVE_VALUE> Yes </TEST_ACTIVE_VALUE> 
        </TEST_CASE_DEFINITION> 
        <TEST_CASE_DEFINITION> 
          <TEST_CASE_NAME> AutoBoxing </TEST_CASE_NAME> 
          <TEST_ACTIVE_VALUE> Yes </TEST_ACTIVE_VALUE> 
        </TEST_CASE_DEFINITION> 
        <TEST_CASE_DEFINITION> 
          <TEST_CASE_NAME> Lock </TEST_CASE_NAME> 
          <TEST_ACTIVE_VALUE> Yes </TEST_ACTIVE_VALUE> 
        </TEST_CASE_DEFINITION> 
        <TEST_CASE_DEFINITION> 
          <TEST_CASE_NAME> Enum </TEST_CASE_NAME> 
          <TEST_ACTIVE_VALUE> Yes </TEST_ACTIVE_VALUE> 
        </TEST_CASE_DEFINITION> 
        <TEST_CASE_DEFINITION> 
          <TEST_CASE_NAME> Exception </TEST_CASE_NAME> 
          <TEST_ACTIVE_VALUE> Yes </TEST_ACTIVE_VALUE> 
        </TEST_CASE_DEFINITION> 
        <TEST_CASE_DEFINITION> 
          <TEST_CASE_NAME> ForEach </TEST_CASE_NAME> 
          <TEST_ACTIVE_VALUE> Yes </TEST_ACTIVE_VALUE> 
        </TEST_CASE_DEFINITION> 
        <TEST_CASE_DEFINITION> 
          <TEST_CASE_NAME> HashMap </TEST_CASE_NAME> 
          <TEST_ACTIVE_VALUE> Yes </TEST_ACTIVE_VALUE> 
        </TEST_CASE_DEFINITION> 
        <TEST_CASE_DEFINITION> 
          <TEST_CASE_NAME> Profile </TEST_CASE_NAME> 
          <TEST_ACTIVE_VALUE> Yes </TEST_ACTIVE_VALUE> 
        </TEST_CASE_DEFINITION> 
        <TEST_CASE_DEFINITION> 
          <TEST_CASE_NAME> GC </TEST_CASE_NAME> 
          <TEST_ACTIVE_VALUE> Yes </TEST_ACTIVE_VALUE> 
        </TEST_CASE_DEFINITION> 
        <TEST_CASE_DEFINITION> 
          <TEST_CASE_NAME> Native </TEST_CASE_NAME> 
          <TEST_ACTIVE_VALUE> Yes </TEST_ACTIVE_VALUE> 
        </TEST_CASE_DEFINITION> 
      </CUNIT_ALL_TEST_LISTING_SUITE_TESTS> 
    </CUNIT_ALL_TEST_LISTING_SUITE> 
  </CUNIT_ALL_TEST_LISTING> 
  <CUNIT_FOOTER> File Generated By CUnit v2.1-2 - Mon Dec 19 10:00:26 2011
 </CUNIT_FOOTER> 
</CUNIT_TEST_LIST_REPORT>